# JRE version: Java(TM) SE Runtime Environment (7.0_79-b15) (build 1.7.0_79-b15)
# Java VM: Java HotSpot(TM) 64-Bit Server VM (24.79-b02 mixed mode windows-amd64 compressed oops)
Heap
 PSYoungGen      total 162304K, used 0K [0x00000007d5d00000, 0x00000007e0c00000, 0x0000000800000000)
  eden space 145920K, 0% used [0x00000007d5d00000,0x00000007d5d00000,0x00000007deb80000)
  from space 16384K, 0% used [0x00000007deb80000,0x00000007deb80000,0x00000007dfb80000)
  to   space 15872K, 0% used [0x00000007dfc80000,0x00000007dfc80000,0x00000007e0c00000)
 ParOldGen       total 861696K, used 22290K [0x0000000781800000, 0x00000007b6180000, 0x00000007d5d00000)
  object space 861696K, 2% used [0x0000000781800000,0x0000000782dc4800,0x00000007b6180000)
 PSPermGen       total 83968K, used 83966K [0x000000077c600000, 0x0000000781800000, 0x0000000781800000)
  object space 83968K, 99% used [0x000000077c600000,0x00000007817ff820,0x0000000781800000)
GC Heap History (10 events):
Event: 550.209 GC heap before
{Heap before GC invocations=31 (full 8):
 PSYoungGen      total 161792K, used 0K [0x00000007d5d00000, 0x00000007e0c80000, 0x0000000800000000)
  eden space 144384K, 0% used [0x00000007d5d00000,0x00000007d5d00000,0x00000007dea00000)
  from space 17408K, 0% used [0x00000007dea00000,0x00000007dea00000,0x00000007dfb00000)
  to   space 16896K, 0% used [0x00000007dfc00000,0x00000007dfc00000,0x00000007e0c80000)
 ParOldGen       total 443392K, used 22375K [0x0000000781800000, 0x000000079c900000, 0x00000007d5d00000)
  object space 443392K, 5% used [0x0000000781800000,0x0000000782dd9cd0,0x000000079c900000)
 PSPermGen       total 83968K, used 83967K [0x000000077c600000, 0x0000000781800000, 0x0000000781800000)
  object space 83968K, 99% used [0x000000077c600000,0x00000007817fffe8,0x0000000781800000)
Event: 550.333 GC heap after
Heap after GC invocations=31 (full 8):
 PSYoungGen      total 161792K, used 0K [0x00000007d5d00000, 0x00000007e0c80000, 0x0000000800000000)
  eden space 144384K, 0% used [0x00000007d5d00000,0x00000007d5d00000,0x00000007dea00000)
  from space 17408K, 0% used [0x00000007dea00000,0x00000007dea00000,0x00000007dfb00000)
  to   space 16896K, 0% used [0x00000007dfc00000,0x00000007dfc00000,0x00000007e0c80000)
 ParOldGen       total 565248K, used 22290K [0x0000000781800000, 0x00000007a4000000, 0x00000007d5d00000)
  object space 565248K, 3% used [0x0000000781800000,0x0000000782dc4918,0x00000007a4000000)
 PSPermGen       total 83968K, used 83962K [0x000000077c600000, 0x0000000781800000, 0x0000000781800000)
  object space 83968K, 99% used [0x000000077c600000,0x00000007817fe8e8,0x0000000781800000)
}
Event: 550.333 GC heap before
{Heap before GC invocations=32 (full 8):
 PSYoungGen      total 161792K, used 635K [0x00000007d5d00000, 0x00000007e0c80000, 0x0000000800000000)
  eden space 144384K, 0% used [0x00000007d5d00000,0x00000007d5d9ef18,0x00000007dea00000)
  from space 17408K, 0% used [0x00000007dea00000,0x00000007dea00000,0x00000007dfb00000)
  to   space 16896K, 0% used [0x00000007dfc00000,0x00000007dfc00000,0x00000007e0c80000)
 ParOldGen       total 565248K, used 22290K [0x0000000781800000, 0x00000007a4000000, 0x00000007d5d00000)
  object space 565248K, 3% used [0x0000000781800000,0x0000000782dc4918,0x00000007a4000000)
 PSPermGen       total 83968K, used 83966K [0x000000077c600000, 0x0000000781800000, 0x0000000781800000)
  object space 83968K, 99% used [0x000000077c600000,0x00000007817ff820,0x0000000781800000)
Event: 550.335 GC heap after
Heap after GC invocations=32 (full 8):
 PSYoungGen      total 161792K, used 0K [0x00000007d5d00000, 0x00000007e0b80000, 0x0000000800000000)
  eden space 145920K, 0% used [0x00000007d5d00000,0x00000007d5d00000,0x00000007deb80000)
  from space 15872K, 0% used [0x00000007dfc00000,0x00000007dfc00000,0x00000007e0b80000)
  to   space 16384K, 0% used [0x00000007deb80000,0x00000007deb80000,0x00000007dfb80000)
 ParOldGen       total 565248K, used 22290K [0x0000000781800000, 0x00000007a4000000, 0x00000007d5d00000)
  object space 565248K, 3% used [0x0000000781800000,0x0000000782dc4918,0x00000007a4000000)
 PSPermGen       total 83968K, used 83966K [0x000000077c600000, 0x0000000781800000, 0x0000000781800000)
  object space 83968K, 99% used [0x000000077c600000,0x00000007817ff820,0x0000000781800000)
}
Event: 550.336 GC heap before
{Heap before GC invocations=33 (full 9):
 PSYoungGen      total 161792K, used 0K [0x00000007d5d00000, 0x00000007e0b80000, 0x0000000800000000)
  eden space 145920K, 0% used [0x00000007d5d00000,0x00000007d5d00000,0x00000007deb80000)
  from space 15872K, 0% used [0x00000007dfc00000,0x00000007dfc00000,0x00000007e0b80000)
  to   space 16384K, 0% used [0x00000007deb80000,0x00000007deb80000,0x00000007dfb80000)
 ParOldGen       total 565248K, used 22290K [0x0000000781800000, 0x00000007a4000000, 0x00000007d5d00000)
  object space 565248K, 3% used [0x0000000781800000,0x0000000782dc4918,0x00000007a4000000)
 PSPermGen       total 83968K, used 83966K [0x000000077c600000, 0x0000000781800000, 0x0000000781800000)
  object space 83968K, 99% used [0x000000077c600000,0x00000007817ff820,0x0000000781800000)
Event: 550.443 GC heap after
Heap after GC invocations=33 (full 9):
 PSYoungGen      total 161792K, used 0K [0x00000007d5d00000, 0x00000007e0b80000, 0x0000000800000000)
  eden space 145920K, 0% used [0x00000007d5d00000,0x00000007d5d00000,0x00000007deb80000)
  from space 15872K, 0% used [0x00000007dfc00000,0x00000007dfc00000,0x00000007e0b80000)
  to   space 16384K, 0% used [0x00000007deb80000,0x00000007deb80000,0x00000007dfb80000)
 ParOldGen       total 697344K, used 22290K [0x0000000781800000, 0x00000007ac100000, 0x00000007d5d00000)
  object space 697344K, 3% used [0x0000000781800000,0x0000000782dc4800,0x00000007ac100000)
 PSPermGen       total 83968K, used 83966K [0x000000077c600000, 0x0000000781800000, 0x0000000781800000)
  object space 83968K, 99% used [0x000000077c600000,0x00000007817ff820,0x0000000781800000)
}
Event: 550.443 GC heap before
{Heap before GC invocations=34 (full 9):
 PSYoungGen      total 161792K, used 0K [0x00000007d5d00000, 0x00000007e0b80000, 0x0000000800000000)
  eden space 145920K, 0% used [0x00000007d5d00000,0x00000007d5d00000,0x00000007deb80000)
  from space 15872K, 0% used [0x00000007dfc00000,0x00000007dfc00000,0x00000007e0b80000)
  to   space 16384K, 0% used [0x00000007deb80000,0x00000007deb80000,0x00000007dfb80000)
 ParOldGen       total 697344K, used 22290K [0x0000000781800000, 0x00000007ac100000, 0x00000007d5d00000)
  object space 697344K, 3% used [0x0000000781800000,0x0000000782dc4800,0x00000007ac100000)
 PSPermGen       total 83968K, used 83966K [0x000000077c600000, 0x0000000781800000, 0x0000000781800000)
  object space 83968K, 99% used [0x000000077c600000,0x00000007817ff820,0x0000000781800000)
Event: 550.446 GC heap after
Heap after GC invocations=34 (full 9):
 PSYoungGen      total 162304K, used 0K [0x00000007d5d00000, 0x00000007e0c00000, 0x0000000800000000)
  eden space 145920K, 0% used [0x00000007d5d00000,0x00000007d5d00000,0x00000007deb80000)
  from space 16384K, 0% used [0x00000007deb80000,0x00000007deb80000,0x00000007dfb80000)
  to   space 15872K, 0% used [0x00000007dfc80000,0x00000007dfc80000,0x00000007e0c00000)
 ParOldGen       total 697344K, used 22290K [0x0000000781800000, 0x00000007ac100000, 0x00000007d5d00000)
  object space 697344K, 3% used [0x0000000781800000,0x0000000782dc4800,0x00000007ac100000)
 PSPermGen       total 83968K, used 83966K [0x000000077c600000, 0x0000000781800000, 0x0000000781800000)
  object space 83968K, 99% used [0x000000077c600000,0x00000007817ff820,0x0000000781800000)
}
Event: 550.446 GC heap before
{Heap before GC invocations=35 (full 10):
 PSYoungGen      total 162304K, used 0K [0x00000007d5d00000, 0x00000007e0c00000, 0x0000000800000000)
  eden space 145920K, 0% used [0x00000007d5d00000,0x00000007d5d00000,0x00000007deb80000)
  from space 16384K, 0% used [0x00000007deb80000,0x00000007deb80000,0x00000007dfb80000)
  to   space 15872K, 0% used [0x00000007dfc80000,0x00000007dfc80000,0x00000007e0c00000)
 ParOldGen       total 697344K, used 22290K [0x0000000781800000, 0x00000007ac100000, 0x00000007d5d00000)
  object space 697344K, 3% used [0x0000000781800000,0x0000000782dc4800,0x00000007ac100000)
 PSPermGen       total 83968K, used 83966K [0x000000077c600000, 0x0000000781800000, 0x0000000781800000)
  object space 83968K, 99% used [0x000000077c600000,0x00000007817ff820,0x0000000781800000)
Event: 550.548 GC heap after
Heap after GC invocations=35 (full 10):
 PSYoungGen      total 162304K, used 0K [0x00000007d5d00000, 0x00000007e0c00000, 0x0000000800000000)
  eden space 145920K, 0% used [0x00000007d5d00000,0x00000007d5d00000,0x00000007deb80000)
  from space 16384K, 0% used [0x00000007deb80000,0x00000007deb80000,0x00000007dfb80000)
  to   space 15872K, 0% used [0x00000007dfc80000,0x00000007dfc80000,0x00000007e0c00000)
 ParOldGen       total 861696K, used 22290K [0x0000000781800000, 0x00000007b6180000, 0x00000007d5d00000)
  object space 861696K, 2% used [0x0000000781800000,0x0000000782dc4800,0x00000007b6180000)
 PSPermGen       total 83968K, used 83966K [0x000000077c600000, 0x0000000781800000, 0x0000000781800000)
  object space 83968K, 99% used [0x000000077c600000,0x00000007817ff820,0x0000000781800000)
}

