# JRE version: Java(TM) SE Runtime Environment (7.0_79-b15) (build 1.7.0_79-b15)
# Java VM: Java HotSpot(TM) 64-Bit Server VM (24.79-b02 mixed mode windows-amd64 compressed oops)
Heap
 PSYoungGen      total 565248K, used 0K [0x00000007d5d00000, 0x00000007fa500000, 0x0000000800000000)
  eden space 535040K, 0% used [0x00000007d5d00000,0x00000007d5d00000,0x00000007f6780000)
  from space 30208K, 0% used [0x00000007f6780000,0x00000007f6780000,0x00000007f8500000)
  to   space 29184K, 0% used [0x00000007f8880000,0x00000007f8880000,0x00000007fa500000)
 ParOldGen       total 1099264K, used 24337K [0x0000000781800000, 0x00000007c4980000, 0x00000007d5d00000)
  object space 1099264K, 2% used [0x0000000781800000,0x0000000782fc4688,0x00000007c4980000)
 PSPermGen       total 83968K, used 83967K [0x000000077c600000, 0x0000000781800000, 0x0000000781800000)
  object space 83968K, 99% used [0x000000077c600000,0x00000007817ffd38,0x0000000781800000)
GC Heap History (10 events):
Event: 1406.716 GC heap before
{Heap before GC invocations=26 (full 9):
 PSYoungGen      total 563200K, used 0K [0x00000007d5d00000, 0x00000007fa580000, 0x0000000800000000)
  eden space 530432K, 0% used [0x00000007d5d00000,0x00000007d5d00000,0x00000007f6300000)
  from space 32768K, 0% used [0x00000007f6300000,0x00000007f6300000,0x00000007f8300000)
  to   space 31744K, 0% used [0x00000007f8680000,0x00000007f8680000,0x00000007fa580000)
 ParOldGen       total 598528K, used 24337K [0x0000000781800000, 0x00000007a6080000, 0x00000007d5d00000)
  object space 598528K, 4% used [0x0000000781800000,0x0000000782fc4788,0x00000007a6080000)
 PSPermGen       total 83968K, used 83967K [0x000000077c600000, 0x0000000781800000, 0x0000000781800000)
  object space 83968K, 99% used [0x000000077c600000,0x00000007817ffd58,0x0000000781800000)
Event: 1406.817 GC heap after
Heap after GC invocations=26 (full 9):
 PSYoungGen      total 563200K, used 0K [0x00000007d5d00000, 0x00000007fa580000, 0x0000000800000000)
  eden space 530432K, 0% used [0x00000007d5d00000,0x00000007d5d00000,0x00000007f6300000)
  from space 32768K, 0% used [0x00000007f6300000,0x00000007f6300000,0x00000007f8300000)
  to   space 31744K, 0% used [0x00000007f8680000,0x00000007f8680000,0x00000007fa580000)
 ParOldGen       total 737280K, used 24337K [0x0000000781800000, 0x00000007ae800000, 0x00000007d5d00000)
  object space 737280K, 3% used [0x0000000781800000,0x0000000782fc4788,0x00000007ae800000)
 PSPermGen       total 83968K, used 83967K [0x000000077c600000, 0x0000000781800000, 0x0000000781800000)
  object space 83968K, 99% used [0x000000077c600000,0x00000007817ffd58,0x0000000781800000)
}
Event: 1406.817 GC heap before
{Heap before GC invocations=27 (full 9):
 PSYoungGen      total 563200K, used 1173K [0x00000007d5d00000, 0x00000007fa580000, 0x0000000800000000)
  eden space 530432K, 0% used [0x00000007d5d00000,0x00000007d5e25580,0x00000007f6300000)
  from space 32768K, 0% used [0x00000007f6300000,0x00000007f6300000,0x00000007f8300000)
  to   space 31744K, 0% used [0x00000007f8680000,0x00000007f8680000,0x00000007fa580000)
 ParOldGen       total 737280K, used 24337K [0x0000000781800000, 0x00000007ae800000, 0x00000007d5d00000)
  object space 737280K, 3% used [0x0000000781800000,0x0000000782fc4788,0x00000007ae800000)
 PSPermGen       total 83968K, used 83967K [0x000000077c600000, 0x0000000781800000, 0x0000000781800000)
  object space 83968K, 99% used [0x000000077c600000,0x00000007817ffd58,0x0000000781800000)
Event: 1406.819 GC heap after
Heap after GC invocations=27 (full 9):
 PSYoungGen      total 563712K, used 0K [0x00000007d5d00000, 0x00000007fa280000, 0x0000000800000000)
  eden space 535040K, 0% used [0x00000007d5d00000,0x00000007d5d00000,0x00000007f6780000)
  from space 28672K, 0% used [0x00000007f8680000,0x00000007f8680000,0x00000007fa280000)
  to   space 30208K, 0% used [0x00000007f6780000,0x00000007f6780000,0x00000007f8500000)
 ParOldGen       total 737280K, used 24337K [0x0000000781800000, 0x00000007ae800000, 0x00000007d5d00000)
  object space 737280K, 3% used [0x0000000781800000,0x0000000782fc4788,0x00000007ae800000)
 PSPermGen       total 83968K, used 83967K [0x000000077c600000, 0x0000000781800000, 0x0000000781800000)
  object space 83968K, 99% used [0x000000077c600000,0x00000007817ffd58,0x0000000781800000)
}
Event: 1406.819 GC heap before
{Heap before GC invocations=28 (full 10):
 PSYoungGen      total 563712K, used 0K [0x00000007d5d00000, 0x00000007fa280000, 0x0000000800000000)
  eden space 535040K, 0% used [0x00000007d5d00000,0x00000007d5d00000,0x00000007f6780000)
  from space 28672K, 0% used [0x00000007f8680000,0x00000007f8680000,0x00000007fa280000)
  to   space 30208K, 0% used [0x00000007f6780000,0x00000007f6780000,0x00000007f8500000)
 ParOldGen       total 737280K, used 24337K [0x0000000781800000, 0x00000007ae800000, 0x00000007d5d00000)
  object space 737280K, 3% used [0x0000000781800000,0x0000000782fc4788,0x00000007ae800000)
 PSPermGen       total 83968K, used 83967K [0x000000077c600000, 0x0000000781800000, 0x0000000781800000)
  object space 83968K, 99% used [0x000000077c600000,0x00000007817ffd58,0x0000000781800000)
Event: 1406.954 GC heap after
Heap after GC invocations=28 (full 10):
 PSYoungGen      total 563712K, used 0K [0x00000007d5d00000, 0x00000007fa280000, 0x0000000800000000)
  eden space 535040K, 0% used [0x00000007d5d00000,0x00000007d5d00000,0x00000007f6780000)
  from space 28672K, 0% used [0x00000007f8680000,0x00000007f8680000,0x00000007fa280000)
  to   space 30208K, 0% used [0x00000007f6780000,0x00000007f6780000,0x00000007f8500000)
 ParOldGen       total 910336K, used 24337K [0x0000000781800000, 0x00000007b9100000, 0x00000007d5d00000)
  object space 910336K, 2% used [0x0000000781800000,0x0000000782fc4688,0x00000007b9100000)
 PSPermGen       total 83968K, used 83967K [0x000000077c600000, 0x0000000781800000, 0x0000000781800000)
  object space 83968K, 99% used [0x000000077c600000,0x00000007817ffd38,0x0000000781800000)
}
Event: 1406.954 GC heap before
{Heap before GC invocations=29 (full 10):
 PSYoungGen      total 563712K, used 0K [0x00000007d5d00000, 0x00000007fa280000, 0x0000000800000000)
  eden space 535040K, 0% used [0x00000007d5d00000,0x00000007d5d00000,0x00000007f6780000)
  from space 28672K, 0% used [0x00000007f8680000,0x00000007f8680000,0x00000007fa280000)
  to   space 30208K, 0% used [0x00000007f6780000,0x00000007f6780000,0x00000007f8500000)
 ParOldGen       total 910336K, used 24337K [0x0000000781800000, 0x00000007b9100000, 0x00000007d5d00000)
  object space 910336K, 2% used [0x0000000781800000,0x0000000782fc4688,0x00000007b9100000)
 PSPermGen       total 83968K, used 83967K [0x000000077c600000, 0x0000000781800000, 0x0000000781800000)
  object space 83968K, 99% used [0x000000077c600000,0x00000007817ffd38,0x0000000781800000)
Event: 1406.957 GC heap after
Heap after GC invocations=29 (full 10):
 PSYoungGen      total 565248K, used 0K [0x00000007d5d00000, 0x00000007fa500000, 0x0000000800000000)
  eden space 535040K, 0% used [0x00000007d5d00000,0x00000007d5d00000,0x00000007f6780000)
  from space 30208K, 0% used [0x00000007f6780000,0x00000007f6780000,0x00000007f8500000)
  to   space 29184K, 0% used [0x00000007f8880000,0x00000007f8880000,0x00000007fa500000)
 ParOldGen       total 910336K, used 24337K [0x0000000781800000, 0x00000007b9100000, 0x00000007d5d00000)
  object space 910336K, 2% used [0x0000000781800000,0x0000000782fc4688,0x00000007b9100000)
 PSPermGen       total 83968K, used 83967K [0x000000077c600000, 0x0000000781800000, 0x0000000781800000)
  object space 83968K, 99% used [0x000000077c600000,0x00000007817ffd38,0x0000000781800000)
}
Event: 1406.957 GC heap before
{Heap before GC invocations=30 (full 11):
 PSYoungGen      total 565248K, used 0K [0x00000007d5d00000, 0x00000007fa500000, 0x0000000800000000)
  eden space 535040K, 0% used [0x00000007d5d00000,0x00000007d5d00000,0x00000007f6780000)
  from space 30208K, 0% used [0x00000007f6780000,0x00000007f6780000,0x00000007f8500000)
  to   space 29184K, 0% used [0x00000007f8880000,0x00000007f8880000,0x00000007fa500000)
 ParOldGen       total 910336K, used 24337K [0x0000000781800000, 0x00000007b9100000, 0x00000007d5d00000)
  object space 910336K, 2% used [0x0000000781800000,0x0000000782fc4688,0x00000007b9100000)
 PSPermGen       total 83968K, used 83967K [0x000000077c600000, 0x0000000781800000, 0x0000000781800000)
  object space 83968K, 99% used [0x000000077c600000,0x00000007817ffd38,0x0000000781800000)
Event: 1407.058 GC heap after
Heap after GC invocations=30 (full 11):
 PSYoungGen      total 565248K, used 0K [0x00000007d5d00000, 0x00000007fa500000, 0x0000000800000000)
  eden space 535040K, 0% used [0x00000007d5d00000,0x00000007d5d00000,0x00000007f6780000)
  from space 30208K, 0% used [0x00000007f6780000,0x00000007f6780000,0x00000007f8500000)
  to   space 29184K, 0% used [0x00000007f8880000,0x00000007f8880000,0x00000007fa500000)
 ParOldGen       total 1099264K, used 24337K [0x0000000781800000, 0x00000007c4980000, 0x00000007d5d00000)
  object space 1099264K, 2% used [0x0000000781800000,0x0000000782fc4688,0x00000007c4980000)
 PSPermGen       total 83968K, used 83967K [0x000000077c600000, 0x0000000781800000, 0x0000000781800000)
  object space 83968K, 99% used [0x000000077c600000,0x00000007817ffd38,0x0000000781800000)
}

