# JRE version: Java(TM) SE Runtime Environment (7.0_79-b15) (build 1.7.0_79-b15)
# Java VM: Java HotSpot(TM) 64-Bit Server VM (24.79-b02 mixed mode windows-amd64 compressed oops)
Heap
 PSYoungGen      total 253440K, used 0K [0x00000007d5d00000, 0x00000007e7000000, 0x0000000800000000)
  eden space 227328K, 0% used [0x00000007d5d00000,0x00000007d5d00000,0x00000007e3b00000)
  from space 26112K, 0% used [0x00000007e5680000,0x00000007e5680000,0x00000007e7000000)
  to   space 27136K, 0% used [0x00000007e3b00000,0x00000007e3b00000,0x00000007e5580000)
 ParOldGen       total 1074176K, used 22288K [0x0000000781800000, 0x00000007c3100000, 0x00000007d5d00000)
  object space 1074176K, 2% used [0x0000000781800000,0x0000000782dc4318,0x00000007c3100000)
 PSPermGen       total 83968K, used 83967K [0x000000077c600000, 0x0000000781800000, 0x0000000781800000)
  object space 83968K, 99% used [0x000000077c600000,0x00000007817ffeb8,0x0000000781800000)
GC Heap History (10 events):
Event: 456.164 GC heap before
{Heap before GC invocations=27 (full 9):
 PSYoungGen      total 253440K, used 96K [0x00000007d5d00000, 0x00000007e7300000, 0x0000000800000000)
  eden space 225280K, 0% used [0x00000007d5d00000,0x00000007d5d00000,0x00000007e3900000)
  from space 28160K, 0% used [0x00000007e5780000,0x00000007e5798000,0x00000007e7300000)
  to   space 29696K, 0% used [0x00000007e3900000,0x00000007e3900000,0x00000007e5600000)
 ParOldGen       total 583168K, used 22381K [0x0000000781800000, 0x00000007a5180000, 0x00000007d5d00000)
  object space 583168K, 3% used [0x0000000781800000,0x0000000782ddb5e8,0x00000007a5180000)
 PSPermGen       total 83968K, used 83967K [0x000000077c600000, 0x0000000781800000, 0x0000000781800000)
  object space 83968K, 99% used [0x000000077c600000,0x00000007817ffe00,0x0000000781800000)
Event: 456.283 GC heap after
Heap after GC invocations=27 (full 9):
 PSYoungGen      total 253440K, used 0K [0x00000007d5d00000, 0x00000007e7300000, 0x0000000800000000)
  eden space 225280K, 0% used [0x00000007d5d00000,0x00000007d5d00000,0x00000007e3900000)
  from space 28160K, 0% used [0x00000007e5780000,0x00000007e5780000,0x00000007e7300000)
  to   space 29696K, 0% used [0x00000007e3900000,0x00000007e3900000,0x00000007e5600000)
 ParOldGen       total 719360K, used 22325K [0x0000000781800000, 0x00000007ad680000, 0x00000007d5d00000)
  object space 719360K, 3% used [0x0000000781800000,0x0000000782dcd708,0x00000007ad680000)
 PSPermGen       total 83968K, used 83949K [0x000000077c600000, 0x0000000781800000, 0x0000000781800000)
  object space 83968K, 99% used [0x000000077c600000,0x00000007817fb4c0,0x0000000781800000)
}
Event: 456.284 GC heap before
{Heap before GC invocations=28 (full 9):
 PSYoungGen      total 253440K, used 653K [0x00000007d5d00000, 0x00000007e7300000, 0x0000000800000000)
  eden space 225280K, 0% used [0x00000007d5d00000,0x00000007d5da3500,0x00000007e3900000)
  from space 28160K, 0% used [0x00000007e5780000,0x00000007e5780000,0x00000007e7300000)
  to   space 29696K, 0% used [0x00000007e3900000,0x00000007e3900000,0x00000007e5600000)
 ParOldGen       total 719360K, used 22325K [0x0000000781800000, 0x00000007ad680000, 0x00000007d5d00000)
  object space 719360K, 3% used [0x0000000781800000,0x0000000782dcd708,0x00000007ad680000)
 PSPermGen       total 83968K, used 83967K [0x000000077c600000, 0x0000000781800000, 0x0000000781800000)
  object space 83968K, 99% used [0x000000077c600000,0x00000007817ffed8,0x0000000781800000)
Event: 456.286 GC heap after
Heap after GC invocations=28 (full 9):
 PSYoungGen      total 254976K, used 0K [0x00000007d5d00000, 0x00000007e7200000, 0x0000000800000000)
  eden space 225280K, 0% used [0x00000007d5d00000,0x00000007d5d00000,0x00000007e3900000)
  from space 29696K, 0% used [0x00000007e3900000,0x00000007e3900000,0x00000007e5600000)
  to   space 28160K, 0% used [0x00000007e5680000,0x00000007e5680000,0x00000007e7200000)
 ParOldGen       total 719360K, used 22325K [0x0000000781800000, 0x00000007ad680000, 0x00000007d5d00000)
  object space 719360K, 3% used [0x0000000781800000,0x0000000782dcd708,0x00000007ad680000)
 PSPermGen       total 83968K, used 83967K [0x000000077c600000, 0x0000000781800000, 0x0000000781800000)
  object space 83968K, 99% used [0x000000077c600000,0x00000007817ffed8,0x0000000781800000)
}
Event: 456.286 GC heap before
{Heap before GC invocations=29 (full 10):
 PSYoungGen      total 254976K, used 0K [0x00000007d5d00000, 0x00000007e7200000, 0x0000000800000000)
  eden space 225280K, 0% used [0x00000007d5d00000,0x00000007d5d00000,0x00000007e3900000)
  from space 29696K, 0% used [0x00000007e3900000,0x00000007e3900000,0x00000007e5600000)
  to   space 28160K, 0% used [0x00000007e5680000,0x00000007e5680000,0x00000007e7200000)
 ParOldGen       total 719360K, used 22325K [0x0000000781800000, 0x00000007ad680000, 0x00000007d5d00000)
  object space 719360K, 3% used [0x0000000781800000,0x0000000782dcd708,0x00000007ad680000)
 PSPermGen       total 83968K, used 83967K [0x000000077c600000, 0x0000000781800000, 0x0000000781800000)
  object space 83968K, 99% used [0x000000077c600000,0x00000007817ffed8,0x0000000781800000)
Event: 456.401 GC heap after
Heap after GC invocations=29 (full 10):
 PSYoungGen      total 254976K, used 0K [0x00000007d5d00000, 0x00000007e7200000, 0x0000000800000000)
  eden space 225280K, 0% used [0x00000007d5d00000,0x00000007d5d00000,0x00000007e3900000)
  from space 29696K, 0% used [0x00000007e3900000,0x00000007e3900000,0x00000007e5600000)
  to   space 28160K, 0% used [0x00000007e5680000,0x00000007e5680000,0x00000007e7200000)
 ParOldGen       total 888320K, used 22293K [0x0000000781800000, 0x00000007b7b80000, 0x00000007d5d00000)
  object space 888320K, 2% used [0x0000000781800000,0x0000000782dc5750,0x00000007b7b80000)
 PSPermGen       total 83968K, used 83967K [0x000000077c600000, 0x0000000781800000, 0x0000000781800000)
  object space 83968K, 99% used [0x000000077c600000,0x00000007817ffeb8,0x0000000781800000)
}
Event: 456.401 GC heap before
{Heap before GC invocations=30 (full 10):
 PSYoungGen      total 254976K, used 0K [0x00000007d5d00000, 0x00000007e7200000, 0x0000000800000000)
  eden space 225280K, 0% used [0x00000007d5d00000,0x00000007d5d00000,0x00000007e3900000)
  from space 29696K, 0% used [0x00000007e3900000,0x00000007e3900000,0x00000007e5600000)
  to   space 28160K, 0% used [0x00000007e5680000,0x00000007e5680000,0x00000007e7200000)
 ParOldGen       total 888320K, used 22293K [0x0000000781800000, 0x00000007b7b80000, 0x00000007d5d00000)
  object space 888320K, 2% used [0x0000000781800000,0x0000000782dc5750,0x00000007b7b80000)
 PSPermGen       total 83968K, used 83967K [0x000000077c600000, 0x0000000781800000, 0x0000000781800000)
  object space 83968K, 99% used [0x000000077c600000,0x00000007817ffeb8,0x0000000781800000)
Event: 456.403 GC heap after
Heap after GC invocations=30 (full 10):
 PSYoungGen      total 253440K, used 0K [0x00000007d5d00000, 0x00000007e7000000, 0x0000000800000000)
  eden space 227328K, 0% used [0x00000007d5d00000,0x00000007d5d00000,0x00000007e3b00000)
  from space 26112K, 0% used [0x00000007e5680000,0x00000007e5680000,0x00000007e7000000)
  to   space 27136K, 0% used [0x00000007e3b00000,0x00000007e3b00000,0x00000007e5580000)
 ParOldGen       total 888320K, used 22293K [0x0000000781800000, 0x00000007b7b80000, 0x00000007d5d00000)
  object space 888320K, 2% used [0x0000000781800000,0x0000000782dc5750,0x00000007b7b80000)
 PSPermGen       total 83968K, used 83967K [0x000000077c600000, 0x0000000781800000, 0x0000000781800000)
  object space 83968K, 99% used [0x000000077c600000,0x00000007817ffeb8,0x0000000781800000)
}
Event: 456.403 GC heap before
{Heap before GC invocations=31 (full 11):
 PSYoungGen      total 253440K, used 0K [0x00000007d5d00000, 0x00000007e7000000, 0x0000000800000000)
  eden space 227328K, 0% used [0x00000007d5d00000,0x00000007d5d00000,0x00000007e3b00000)
  from space 26112K, 0% used [0x00000007e5680000,0x00000007e5680000,0x00000007e7000000)
  to   space 27136K, 0% used [0x00000007e3b00000,0x00000007e3b00000,0x00000007e5580000)
 ParOldGen       total 888320K, used 22293K [0x0000000781800000, 0x00000007b7b80000, 0x00000007d5d00000)
  object space 888320K, 2% used [0x0000000781800000,0x0000000782dc5750,0x00000007b7b80000)
 PSPermGen       total 83968K, used 83967K [0x000000077c600000, 0x0000000781800000, 0x0000000781800000)
  object space 83968K, 99% used [0x000000077c600000,0x00000007817ffeb8,0x0000000781800000)
Event: 456.540 GC heap after
Heap after GC invocations=31 (full 11):
 PSYoungGen      total 253440K, used 0K [0x00000007d5d00000, 0x00000007e7000000, 0x0000000800000000)
  eden space 227328K, 0% used [0x00000007d5d00000,0x00000007d5d00000,0x00000007e3b00000)
  from space 26112K, 0% used [0x00000007e5680000,0x00000007e5680000,0x00000007e7000000)
  to   space 27136K, 0% used [0x00000007e3b00000,0x00000007e3b00000,0x00000007e5580000)
 ParOldGen       total 1074176K, used 22288K [0x0000000781800000, 0x00000007c3100000, 0x00000007d5d00000)
  object space 1074176K, 2% used [0x0000000781800000,0x0000000782dc4318,0x00000007c3100000)
 PSPermGen       total 83968K, used 83967K [0x000000077c600000, 0x0000000781800000, 0x0000000781800000)
  object space 83968K, 99% used [0x000000077c600000,0x00000007817ffeb8,0x0000000781800000)
}

